Loading source files for package pygar.communication...
Loading source files for package net.jcip.annotations...
Loading source files for package pygar.configuration...
Loading source files for package pygar.cryptography...
Loading source files for package pygar.demo0P...
Loading source files for package pygar.documents...
Loading source files for package pygar.identity_authority...
Loading source files for package pygar.state...
Loading source files for package pygar.zoneable...
Constructing Javadoc information...
Standard Doclet version 13.0.2
Building tree for all the packages and classes...
Generating ./net/jcip/annotations/GuardedBy.html...
Generating ./net/jcip/annotations/Immutable.html...
Generating ./net/jcip/annotations/NotThreadSafe.html...
Generating ./net/jcip/annotations/ThreadSafe.html...
Generating ./pygar/communication/ExternalPmessage.html...
Generating ./pygar/communication/MessageAgent.html...
Generating ./pygar/communication/MessageSystemException.html...
Generating ./pygar/communication/Pmessage.html...
Generating ./pygar/communication/Pmessage.PmessageBody.html...
Generating ./pygar/communication/PmessageBase.html...
Generating ./pygar/communication/PmessageBodyType.html...
Generating ./pygar/communication/PmessageJMSv0.html...
Generating ./pygar/communication/PmessageSystem.html...
Generating ./pygar/communication/PmessageSystemEE.html...
Generating ./pygar/communication/SimpleMessageSystem.html...
Generating ./pygar/configuration/ClientOnly.html...
Generating ./pygar/configuration/ConfigurationError.html...
Generating ./pygar/configuration/CopyrightNotice.html...
Generating ./pygar/configuration/Dangerous.html...
Generating ./pygar/configuration/DocumentError.html...
Generating ./pygar/configuration/MatchMakerOnly.html...
Generating ./pygar/configuration/Profile.html...
Generating ./pygar/configuration/ProfileInitParams.html...
Generating ./pygar/configuration/ProfileInitParams.MessageServiceType.html...
Generating ./pygar/configuration/PublicCoreSoftware.html...
Generating ./pygar/configuration/RestrictedImport.html...
Generating ./pygar/cryptography/CryptoDefault.html...
Generating ./pygar/cryptography/CryptoEngine.html...
Generating ./pygar/cryptography/CryptoException.html...
Generating ./pygar/cryptography/DocumentCrypto.html...
Generating ./pygar/cryptography/SessionKeyStore.html...
Generating ./pygar/demo0P/BAN.html...
Generating ./pygar/demo0P/BAN.BANFrame.html...
Generating ./pygar/demo0P/BAN.Logger.html...
Generating ./pygar/demo0P/CompareFiles.html...
Generating ./pygar/demo0P/DemoZero.html...
Generating ./pygar/demo0P/KeyStoreAccessDemo0.html...
Generating ./pygar/demo0P/OperationsManager.html...
Generating ./pygar/demo0P/OperationsManager.OpsMgrFrame.html...
Generating ./pygar/demo0P/PrepareNegotiationFromText.html...
Generating ./pygar/demo0P/ProfileDemo0.html...
Generating ./pygar/demo0P/TeamMember.html...
Generating ./pygar/demo0P/TeamMember.Logger.html...
Generating ./pygar/demo0P/TeamMember.TeamFrame.html...
Generating ./pygar/documents/DestinationVerifyFail.html...
Generating ./pygar/documents/DocumentStoreNotFound.html...
Generating ./pygar/documents/EncryptedFieldTable.html...
Generating ./pygar/documents/EncryptedFieldTable.EFTYPE.html...
Generating ./pygar/documents/EncryptedFieldTable.RealRange.html...
Generating ./pygar/documents/EncryptedFieldTable.Row.html...
Generating ./pygar/documents/FieldMatchList.html...
Generating ./pygar/documents/FieldMatchList.MATCHACTION.html...
Generating ./pygar/documents/FileStore.html...
Generating ./pygar/documents/Matcher.html...
Generating ./pygar/documents/Pair.html...
Generating ./pygar/documents/SessionDoc.html...
Generating ./pygar/documents/SessionDoc.Direction.html...
Generating ./pygar/documents/SimpleFieldMatchList.html...
Generating ./pygar/documents/SimpleFieldMatchList.MatchItem.html...
Generating ./pygar/documents/SimpleXmlMatcher.html...
Generating ./pygar/documents/SimpleXmlMatcher.ComparableRange.html...
Generating ./pygar/documents/SimpleXmlMatcher.DocLevelInclude.html...
Generating ./pygar/documents/SimpleXmlMatcher.FieldHolder.html...
Generating ./pygar/documents/SimpleXmlMatcher.MemberData.html...
Generating ./pygar/documents/SourceVerifyFail.html...
Generating ./pygar/documents/Store.html...
Generating ./pygar/documents/Store.StoreType.html...
Generating ./pygar/identity_authority/IdentifyOthers.html...
Generating ./pygar/identity_authority/IdentifySelf.html...
Generating ./pygar/identity_authority/KeyNotFound.html...
Generating ./pygar/identity_authority/KeyStoreAccess.html...
Generating ./pygar/identity_authority/KeyStoreType.html...
Generating ./pygar/state/EventListener.html...
Generating ./pygar/state/NegotiationGroupStateMachine.html...
Generating ./pygar/state/OrderedStateMachine.html...
Generating ./pygar/state/PmessageDispatcher.html...
Generating ./pygar/state/PmessageStateMachine.html...
Generating ./pygar/state/PmessageStateMachine.Context.html...
Generating ./pygar/state/PmsgComplexStateMachine.html...
Generating ./pygar/state/SequenceDisplayMachine.html...
Generating ./pygar/state/StateMachine.html...
Generating ./pygar/state/StateMachine.Context.html...
Generating ./pygar/state/StateMachine.TransitionPt1.html...
Generating ./pygar/state/StateMachine.TransitionPt2.html...
Generating ./pygar/state/StateMachine.TransitionPt3.html...
Generating ./pygar/zoneable/ClientProfile.html...
Generating ./pygar/zoneable/EncryptedClearValue.html...
Generating ./pygar/zoneable/FieldCrypto.html...
Generating ./pygar/zoneable/FieldCryptoDemo1.html...
Generating ./pygar/zoneable/FieldCryptoXmlTxt0.html...
Generating ./pygar/zoneable/FieldCryptoXmlTxt0.ConcealReal.html...
Generating ./pygar/zoneable/FieldCryptoXmlTxt0.RealDetail.html...
Generating ./pygar/zoneable/InboundOperations.html...
Generating ./pygar/zoneable/ItemNotFound.html...
Generating ./pygar/zoneable/KeyStoreAccessZone10FS.html...
Generating ./pygar/zoneable/KeyStoreFS.html...
Generating ./pygar/zoneable/NumberConceal.html...
Generating ./pygar/zoneable/OutboundOperations.html...
Generating ./pygar/zoneable/SessionKeyStoreImpl.html...
Generating ./net/jcip/annotations/package-summary.html...
Generating ./net/jcip/annotations/package-tree.html...
Generating ./pygar/communication/package-summary.html...
Generating ./pygar/communication/package-tree.html...
Generating ./pygar/configuration/package-summary.html...
Generating ./pygar/configuration/package-tree.html...
Generating ./pygar/cryptography/package-summary.html...
Generating ./pygar/cryptography/package-tree.html...
Generating ./pygar/demo0P/package-summary.html...
Generating ./pygar/demo0P/package-tree.html...
Generating ./pygar/documents/package-summary.html...
Generating ./pygar/documents/package-tree.html...
Generating ./pygar/identity_authority/package-summary.html...
Generating ./pygar/identity_authority/package-tree.html...
Generating ./pygar/state/package-summary.html...
Generating ./pygar/state/package-tree.html...
Generating ./pygar/zoneable/package-summary.html...
Generating ./pygar/zoneable/package-tree.html...
Generating ./constant-values.html...
Generating ./serialized-form.html...
Building index for all the packages and classes...
Generating ./overview-tree.html...
Generating ./deprecated-list.html...
Generating ./index.html...
Generating ./index-all.html...
Building index for all classes...
Generating ./allclasses-index.html...
Generating ./allpackages-index.html...
Generating ./overview-summary.html...
Generating ./help-doc.html...
27 errors
100 warnings
